[2020-08-05 09:33:01.993] [exthost] [info] extension host started
[2020-08-05 09:33:02.312] [exthost] [info] ExtensionService#_doActivateExtension vscode.typescript-language-features {"startup":false,"extensionId":{"value":"vscode.typescript-language-features","_lower":"vscode.typescript-language-features"},"activationEvent":"onLanguage:javascript"}
[2020-08-05 09:33:02.312] [exthost] [info] ExtensionService#loadCommonJSModule file:///home/knlab/.vscode-server/bin/91899dcef7b8110878ea59626991a18c8a6a1b3e/extensions/typescript-language-features/dist/extension
[2020-08-05 09:33:02.465] [exthost] [info] ExtensionService#_doActivateExtension vscode.css-language-features {"startup":false,"extensionId":{"value":"vscode.css-language-features","_lower":"vscode.css-language-features"},"activationEvent":"onLanguage:css"}
[2020-08-05 09:33:02.465] [exthost] [info] ExtensionService#loadCommonJSModule file:///home/knlab/.vscode-server/bin/91899dcef7b8110878ea59626991a18c8a6a1b3e/extensions/css-language-features/client/dist/node/cssClientMain
[2020-08-05 09:33:02.546] [exthost] [info] ExtensionService#_doActivateExtension vscode.emmet {"startup":false,"extensionId":{"value":"vscode.emmet","_lower":"vscode.emmet"},"activationEvent":"onLanguage:css"}
[2020-08-05 09:33:02.547] [exthost] [info] ExtensionService#loadCommonJSModule file:///home/knlab/.vscode-server/bin/91899dcef7b8110878ea59626991a18c8a6a1b3e/extensions/emmet/dist/extension
[2020-08-05 09:33:02.659] [exthost] [info] ExtensionService#_doActivateExtension vscode.debug-auto-launch {"startup":true,"extensionId":{"value":"vscode.debug-auto-launch","_lower":"vscode.debug-auto-launch"},"activationEvent":"*"}
[2020-08-05 09:33:02.659] [exthost] [info] ExtensionService#loadCommonJSModule file:///home/knlab/.vscode-server/bin/91899dcef7b8110878ea59626991a18c8a6a1b3e/extensions/debug-auto-launch/dist/extension
[2020-08-05 09:33:02.685] [exthost] [info] ExtensionService#_doActivateExtension vscode.git {"startup":true,"extensionId":{"value":"vscode.github","_lower":"vscode.github"},"activationEvent":"*"}
[2020-08-05 09:33:02.685] [exthost] [info] ExtensionService#loadCommonJSModule file:///home/knlab/.vscode-server/bin/91899dcef7b8110878ea59626991a18c8a6a1b3e/extensions/git/dist/main
[2020-08-05 09:33:02.801] [exthost] [info] ExtensionService#_doActivateExtension vscode.github-authentication {"startup":true,"extensionId":{"value":"vscode.github-authentication","_lower":"vscode.github-authentication"},"activationEvent":"*"}
[2020-08-05 09:33:02.801] [exthost] [info] ExtensionService#loadCommonJSModule file:///home/knlab/.vscode-server/bin/91899dcef7b8110878ea59626991a18c8a6a1b3e/extensions/github-authentication/dist/extension.js
[2020-08-05 09:33:02.832] [exthost] [info] ExtensionService#_doActivateExtension vscode.merge-conflict {"startup":true,"extensionId":{"value":"vscode.merge-conflict","_lower":"vscode.merge-conflict"},"activationEvent":"*"}
[2020-08-05 09:33:02.832] [exthost] [info] ExtensionService#loadCommonJSModule file:///home/knlab/.vscode-server/bin/91899dcef7b8110878ea59626991a18c8a6a1b3e/extensions/merge-conflict/dist/mergeConflictMain
[2020-08-05 09:33:02.849] [exthost] [info] ExtensionService#_doActivateExtension vscode.microsoft-authentication {"startup":true,"extensionId":{"value":"vscode.microsoft-authentication","_lower":"vscode.microsoft-authentication"},"activationEvent":"*"}
[2020-08-05 09:33:02.849] [exthost] [info] ExtensionService#loadCommonJSModule file:///home/knlab/.vscode-server/bin/91899dcef7b8110878ea59626991a18c8a6a1b3e/extensions/microsoft-authentication/dist/extension.js
[2020-08-05 09:33:02.869] [exthost] [info] ExtensionService#_doActivateExtension vscode.search-result {"startup":true,"extensionId":{"value":"vscode.search-result","_lower":"vscode.search-result"},"activationEvent":"*"}
[2020-08-05 09:33:02.869] [exthost] [info] ExtensionService#loadCommonJSModule file:///home/knlab/.vscode-server/bin/91899dcef7b8110878ea59626991a18c8a6a1b3e/extensions/search-result/dist/extension.js
[2020-08-05 09:33:02.870] [exthost] [info] ExtensionService#_doActivateExtension yhpnoraa.beauty {"startup":true,"extensionId":{"value":"yhpnoraa.beauty","_lower":"yhpnoraa.beauty"},"activationEvent":"*"}
[2020-08-05 09:33:02.870] [exthost] [info] ExtensionService#loadCommonJSModule file:///home/knlab/.vscode-server/extensions/yhpnoraa.beauty-0.0.2/out/src/extension
[2020-08-05 09:33:04.503] [exthost] [info] ExtensionService#_doActivateExtension felixfbecker.php-intellisense {"startup":true,"extensionId":{"value":"felixfbecker.php-intellisense","_lower":"felixfbecker.php-intellisense"},"activationEvent":"workspaceContains:**/*.php"}
[2020-08-05 09:33:04.504] [exthost] [info] ExtensionService#loadCommonJSModule file:///home/knlab/.vscode-server/extensions/felixfbecker.php-intellisense-2.3.14/out/extension
[2020-08-05 09:33:13.874] [exthost] [info] ExtensionService#_doActivateExtension vscode.php-language-features {"startup":false,"extensionId":{"value":"vscode.php-language-features","_lower":"vscode.php-language-features"},"activationEvent":"onLanguage:php"}
[2020-08-05 09:33:13.874] [exthost] [info] ExtensionService#loadCommonJSModule file:///home/knlab/.vscode-server/bin/91899dcef7b8110878ea59626991a18c8a6a1b3e/extensions/php-language-features/dist/phpMain
