[2020-08-04 11:19:03.869] [exthost] [info] extension host started
[2020-08-04 11:19:03.955] [exthost] [info] ExtensionService#_doActivateExtension vscode.php-language-features {"startup":false,"extensionId":{"value":"vscode.php-language-features","_lower":"vscode.php-language-features"},"activationEvent":"onLanguage:php"}
[2020-08-04 11:19:03.955] [exthost] [info] ExtensionService#loadCommonJSModule file:///home/knlab/.vscode-server/bin/17299e413d5590b14ab0340ea477cdd86ff13daf/extensions/php-language-features/dist/phpMain
[2020-08-04 11:19:03.992] [exthost] [info] ExtensionService#_doActivateExtension felixfbecker.php-intellisense {"startup":false,"extensionId":{"value":"felixfbecker.php-intellisense","_lower":"felixfbecker.php-intellisense"},"activationEvent":"onLanguage:php"}
[2020-08-04 11:19:03.992] [exthost] [info] ExtensionService#loadCommonJSModule file:///home/knlab/.vscode-server/extensions/felixfbecker.php-intellisense-2.3.14/out/extension
[2020-08-04 11:19:04.180] [exthost] [info] ExtensionService#_doActivateExtension vscode.css-language-features {"startup":false,"extensionId":{"value":"vscode.css-language-features","_lower":"vscode.css-language-features"},"activationEvent":"onLanguage:css"}
[2020-08-04 11:19:04.180] [exthost] [info] ExtensionService#loadCommonJSModule file:///home/knlab/.vscode-server/bin/17299e413d5590b14ab0340ea477cdd86ff13daf/extensions/css-language-features/client/dist/node/cssClientMain
[2020-08-04 11:19:04.238] [exthost] [info] ExtensionService#_doActivateExtension vscode.emmet {"startup":false,"extensionId":{"value":"vscode.emmet","_lower":"vscode.emmet"},"activationEvent":"onLanguage:css"}
[2020-08-04 11:19:04.238] [exthost] [info] ExtensionService#loadCommonJSModule file:///home/knlab/.vscode-server/bin/17299e413d5590b14ab0340ea477cdd86ff13daf/extensions/emmet/dist/extension
[2020-08-04 11:19:04.310] [exthost] [info] ExtensionService#_doActivateExtension vscode.debug-auto-launch {"startup":true,"extensionId":{"value":"vscode.debug-auto-launch","_lower":"vscode.debug-auto-launch"},"activationEvent":"*"}
[2020-08-04 11:19:04.310] [exthost] [info] ExtensionService#loadCommonJSModule file:///home/knlab/.vscode-server/bin/17299e413d5590b14ab0340ea477cdd86ff13daf/extensions/debug-auto-launch/dist/extension
[2020-08-04 11:19:04.365] [exthost] [info] ExtensionService#_doActivateExtension vscode.git {"startup":true,"extensionId":{"value":"vscode.github","_lower":"vscode.github"},"activationEvent":"*"}
[2020-08-04 11:19:04.365] [exthost] [info] ExtensionService#loadCommonJSModule file:///home/knlab/.vscode-server/bin/17299e413d5590b14ab0340ea477cdd86ff13daf/extensions/git/dist/main
[2020-08-04 11:19:04.485] [exthost] [info] ExtensionService#_doActivateExtension vscode.github-authentication {"startup":true,"extensionId":{"value":"vscode.github-authentication","_lower":"vscode.github-authentication"},"activationEvent":"*"}
[2020-08-04 11:19:04.485] [exthost] [info] ExtensionService#loadCommonJSModule file:///home/knlab/.vscode-server/bin/17299e413d5590b14ab0340ea477cdd86ff13daf/extensions/github-authentication/dist/extension.js
[2020-08-04 11:19:04.536] [exthost] [info] ExtensionService#_doActivateExtension vscode.merge-conflict {"startup":true,"extensionId":{"value":"vscode.merge-conflict","_lower":"vscode.merge-conflict"},"activationEvent":"*"}
[2020-08-04 11:19:04.536] [exthost] [info] ExtensionService#loadCommonJSModule file:///home/knlab/.vscode-server/bin/17299e413d5590b14ab0340ea477cdd86ff13daf/extensions/merge-conflict/dist/mergeConflictMain
[2020-08-04 11:19:04.540] [exthost] [info] ExtensionService#_doActivateExtension vscode.microsoft-authentication {"startup":true,"extensionId":{"value":"vscode.microsoft-authentication","_lower":"vscode.microsoft-authentication"},"activationEvent":"*"}
[2020-08-04 11:19:04.540] [exthost] [info] ExtensionService#loadCommonJSModule file:///home/knlab/.vscode-server/bin/17299e413d5590b14ab0340ea477cdd86ff13daf/extensions/microsoft-authentication/dist/extension.js
[2020-08-04 11:19:04.575] [exthost] [info] ExtensionService#_doActivateExtension vscode.search-result {"startup":true,"extensionId":{"value":"vscode.search-result","_lower":"vscode.search-result"},"activationEvent":"*"}
[2020-08-04 11:19:04.575] [exthost] [info] ExtensionService#loadCommonJSModule file:///home/knlab/.vscode-server/bin/17299e413d5590b14ab0340ea477cdd86ff13daf/extensions/search-result/dist/extension.js
[2020-08-04 11:19:04.576] [exthost] [info] ExtensionService#_doActivateExtension yhpnoraa.beauty {"startup":true,"extensionId":{"value":"yhpnoraa.beauty","_lower":"yhpnoraa.beauty"},"activationEvent":"*"}
[2020-08-04 11:19:04.576] [exthost] [info] ExtensionService#loadCommonJSModule file:///home/knlab/.vscode-server/extensions/yhpnoraa.beauty-0.0.2/out/src/extension
