[2020-08-04 11:24:11.152] [exthost] [info] extension host started
[2020-08-04 11:24:11.367] [exthost] [info] ExtensionService#_doActivateExtension vscode.css-language-features {"startup":false,"extensionId":{"value":"vscode.css-language-features","_lower":"vscode.css-language-features"},"activationEvent":"onLanguage:css"}
[2020-08-04 11:24:11.368] [exthost] [info] ExtensionService#loadCommonJSModule file:///home/knlab/.vscode-server/bin/91899dcef7b8110878ea59626991a18c8a6a1b3e/extensions/css-language-features/client/dist/node/cssClientMain
[2020-08-04 11:24:11.445] [exthost] [info] ExtensionService#_doActivateExtension vscode.emmet {"startup":false,"extensionId":{"value":"vscode.emmet","_lower":"vscode.emmet"},"activationEvent":"onLanguage:css"}
[2020-08-04 11:24:11.445] [exthost] [info] ExtensionService#loadCommonJSModule file:///home/knlab/.vscode-server/bin/91899dcef7b8110878ea59626991a18c8a6a1b3e/extensions/emmet/dist/extension
[2020-08-04 11:24:11.527] [exthost] [info] ExtensionService#_doActivateExtension vscode.php-language-features {"startup":false,"extensionId":{"value":"vscode.php-language-features","_lower":"vscode.php-language-features"},"activationEvent":"onLanguage:php"}
[2020-08-04 11:24:11.527] [exthost] [info] ExtensionService#loadCommonJSModule file:///home/knlab/.vscode-server/bin/91899dcef7b8110878ea59626991a18c8a6a1b3e/extensions/php-language-features/dist/phpMain
[2020-08-04 11:24:11.550] [exthost] [info] ExtensionService#_doActivateExtension felixfbecker.php-intellisense {"startup":false,"extensionId":{"value":"felixfbecker.php-intellisense","_lower":"felixfbecker.php-intellisense"},"activationEvent":"onLanguage:php"}
[2020-08-04 11:24:11.550] [exthost] [info] ExtensionService#loadCommonJSModule file:///home/knlab/.vscode-server/extensions/felixfbecker.php-intellisense-2.3.14/out/extension
[2020-08-04 11:24:11.715] [exthost] [info] ExtensionService#_doActivateExtension vscode.configuration-editing {"startup":false,"extensionId":{"value":"vscode.configuration-editing","_lower":"vscode.configuration-editing"},"activationEvent":"onLanguage:json"}
[2020-08-04 11:24:11.715] [exthost] [info] ExtensionService#loadCommonJSModule file:///home/knlab/.vscode-server/bin/91899dcef7b8110878ea59626991a18c8a6a1b3e/extensions/configuration-editing/dist/configurationEditingMain
[2020-08-04 11:24:11.720] [exthost] [info] ExtensionService#_doActivateExtension vscode.extension-editing {"startup":false,"extensionId":{"value":"vscode.extension-editing","_lower":"vscode.extension-editing"},"activationEvent":"onLanguage:json"}
[2020-08-04 11:24:11.720] [exthost] [info] ExtensionService#loadCommonJSModule file:///home/knlab/.vscode-server/bin/91899dcef7b8110878ea59626991a18c8a6a1b3e/extensions/extension-editing/dist/extension
[2020-08-04 11:24:11.750] [exthost] [info] ExtensionService#_doActivateExtension vscode.json-language-features {"startup":false,"extensionId":{"value":"vscode.json-language-features","_lower":"vscode.json-language-features"},"activationEvent":"onLanguage:json"}
[2020-08-04 11:24:11.750] [exthost] [info] ExtensionService#loadCommonJSModule file:///home/knlab/.vscode-server/bin/91899dcef7b8110878ea59626991a18c8a6a1b3e/extensions/json-language-features/client/dist/node/jsonClientMain
[2020-08-04 11:24:11.842] [exthost] [info] ExtensionService#_doActivateExtension ms-vscode.js-debug {"startup":false,"extensionId":{"value":"ms-vscode.js-debug","_lower":"ms-vscode.js-debug"},"activationEvent":"onLanguage:json"}
[2020-08-04 11:24:11.842] [exthost] [info] ExtensionService#loadCommonJSModule file:///home/knlab/.vscode-server/bin/91899dcef7b8110878ea59626991a18c8a6a1b3e/extensions/ms-vscode.js-debug/src/extension.js
[2020-08-04 11:24:12.747] [exthost] [info] ExtensionService#_doActivateExtension vscode.npm {"startup":false,"extensionId":{"value":"vscode.npm","_lower":"vscode.npm"},"activationEvent":"onLanguage:json"}
[2020-08-04 11:24:12.747] [exthost] [info] ExtensionService#loadCommonJSModule file:///home/knlab/.vscode-server/bin/91899dcef7b8110878ea59626991a18c8a6a1b3e/extensions/npm/dist/npmMain
[2020-08-04 11:24:12.787] [exthost] [info] ExtensionService#_doActivateExtension vscode.typescript-language-features {"startup":false,"extensionId":{"value":"vscode.typescript-language-features","_lower":"vscode.typescript-language-features"},"activationEvent":"onLanguage:typescript"}
[2020-08-04 11:24:12.787] [exthost] [info] ExtensionService#loadCommonJSModule file:///home/knlab/.vscode-server/bin/91899dcef7b8110878ea59626991a18c8a6a1b3e/extensions/typescript-language-features/dist/extension
[2020-08-04 11:24:12.884] [exthost] [info] ExtensionService#_doActivateExtension vscode.debug-auto-launch {"startup":true,"extensionId":{"value":"vscode.debug-auto-launch","_lower":"vscode.debug-auto-launch"},"activationEvent":"*"}
[2020-08-04 11:24:12.884] [exthost] [info] ExtensionService#loadCommonJSModule file:///home/knlab/.vscode-server/bin/91899dcef7b8110878ea59626991a18c8a6a1b3e/extensions/debug-auto-launch/dist/extension
[2020-08-04 11:24:12.887] [exthost] [info] ExtensionService#_doActivateExtension vscode.git {"startup":true,"extensionId":{"value":"vscode.github","_lower":"vscode.github"},"activationEvent":"*"}
[2020-08-04 11:24:12.887] [exthost] [info] ExtensionService#loadCommonJSModule file:///home/knlab/.vscode-server/bin/91899dcef7b8110878ea59626991a18c8a6a1b3e/extensions/git/dist/main
[2020-08-04 11:24:12.993] [exthost] [info] ExtensionService#_doActivateExtension vscode.github-authentication {"startup":true,"extensionId":{"value":"vscode.github-authentication","_lower":"vscode.github-authentication"},"activationEvent":"*"}
[2020-08-04 11:24:12.993] [exthost] [info] ExtensionService#loadCommonJSModule file:///home/knlab/.vscode-server/bin/91899dcef7b8110878ea59626991a18c8a6a1b3e/extensions/github-authentication/dist/extension.js
[2020-08-04 11:24:13.020] [exthost] [info] ExtensionService#_doActivateExtension vscode.merge-conflict {"startup":true,"extensionId":{"value":"vscode.merge-conflict","_lower":"vscode.merge-conflict"},"activationEvent":"*"}
[2020-08-04 11:24:13.020] [exthost] [info] ExtensionService#loadCommonJSModule file:///home/knlab/.vscode-server/bin/91899dcef7b8110878ea59626991a18c8a6a1b3e/extensions/merge-conflict/dist/mergeConflictMain
[2020-08-04 11:24:13.035] [exthost] [info] ExtensionService#_doActivateExtension vscode.microsoft-authentication {"startup":true,"extensionId":{"value":"vscode.microsoft-authentication","_lower":"vscode.microsoft-authentication"},"activationEvent":"*"}
[2020-08-04 11:24:13.035] [exthost] [info] ExtensionService#loadCommonJSModule file:///home/knlab/.vscode-server/bin/91899dcef7b8110878ea59626991a18c8a6a1b3e/extensions/microsoft-authentication/dist/extension.js
[2020-08-04 11:24:13.057] [exthost] [info] ExtensionService#_doActivateExtension vscode.search-result {"startup":true,"extensionId":{"value":"vscode.search-result","_lower":"vscode.search-result"},"activationEvent":"*"}
[2020-08-04 11:24:13.058] [exthost] [info] ExtensionService#loadCommonJSModule file:///home/knlab/.vscode-server/bin/91899dcef7b8110878ea59626991a18c8a6a1b3e/extensions/search-result/dist/extension.js
[2020-08-04 11:24:13.059] [exthost] [info] ExtensionService#_doActivateExtension yhpnoraa.beauty {"startup":true,"extensionId":{"value":"yhpnoraa.beauty","_lower":"yhpnoraa.beauty"},"activationEvent":"*"}
[2020-08-04 11:24:13.059] [exthost] [info] ExtensionService#loadCommonJSModule file:///home/knlab/.vscode-server/extensions/yhpnoraa.beauty-0.0.2/out/src/extension
